  Mesh.cpp
e:\raytracing\raytracing\src\raytracing\shader.h(3): fatal error C1083: 无法打开包括文件: “GL/glew.h”: No such file or directory
  Model.cpp
e:\raytracing\raytracing\src\raytracing\shader.h(3): fatal error C1083: 无法打开包括文件: “GL/glew.h”: No such file or directory
  rastrization.cpp
  ray_tracing.cpp
e:\raytracing\raytracing\src\raytracing\ray_tracing.cpp(2): fatal error C1083: 无法打开包括文件: “GL/glew.h”: No such file or directory
  Shader.cpp
e:\raytracing\raytracing\src\raytracing\shader.h(3): fatal error C1083: 无法打开包括文件: “GL/glew.h”: No such file or directory
  Texture.cpp
e:\raytracing\raytracing\src\raytracing\texture.h(3): fatal error C1083: 无法打开包括文件: “GL/glew.h”: No such file or directory
  glm.cpp
e:\raytracing\raytracing\src\vendor\glm\detail\glm.cpp(7): fatal error C1083: 无法打开包括文件: “glm/gtx/dual_quaternion.hpp”: No such file or directory
  imgui.cpp
  imgui_demo.cpp
  imgui_draw.cpp
  imgui_impl_glfw.cpp
e:\raytracing\raytracing\src\vendor\imgui\imgui_impl_glfw.cpp(66): fatal error C1083: 无法打开包括文件: “GLFW/glfw3.h”: No such file or directory
  imgui_impl_opengl2.cpp
  imgui_impl_opengl3.cpp
  imgui_tables.cpp
  imgui_widgets.cpp
  stb_image.cpp
